mode: set
github.com/gmalka/Client/pkg/songsManager/songsManger.go:50.79,52.2 1 1
github.com/gmalka/Client/pkg/songsManager/songsManger.go:54.60,55.16 1 1
github.com/gmalka/Client/pkg/songsManager/songsManger.go:64.2,65.16 2 1
github.com/gmalka/Client/pkg/songsManager/songsManger.go:68.2,69.16 2 1
github.com/gmalka/Client/pkg/songsManager/songsManger.go:72.2,72.17 1 1
github.com/gmalka/Client/pkg/songsManager/songsManger.go:55.16,56.21 1 0
github.com/gmalka/Client/pkg/songsManager/songsManger.go:59.3,59.28 1 0
github.com/gmalka/Client/pkg/songsManager/songsManger.go:62.3,62.27 1 0
github.com/gmalka/Client/pkg/songsManager/songsManger.go:56.21,58.4 1 0
github.com/gmalka/Client/pkg/songsManager/songsManger.go:59.28,61.4 1 0
github.com/gmalka/Client/pkg/songsManager/songsManger.go:65.16,67.3 1 1
github.com/gmalka/Client/pkg/songsManager/songsManger.go:69.16,71.3 1 1
github.com/gmalka/Client/pkg/songsManager/songsManger.go:75.50,77.16 2 1
github.com/gmalka/Client/pkg/songsManager/songsManger.go:90.2,91.16 2 1
github.com/gmalka/Client/pkg/songsManager/songsManger.go:105.2,105.42 1 1
github.com/gmalka/Client/pkg/songsManager/songsManger.go:77.16,78.21 1 1
github.com/gmalka/Client/pkg/songsManager/songsManger.go:88.3,88.13 1 1
github.com/gmalka/Client/pkg/songsManager/songsManger.go:78.21,83.4 4 1
github.com/gmalka/Client/pkg/songsManager/songsManger.go:83.9,87.4 3 1
github.com/gmalka/Client/pkg/songsManager/songsManger.go:91.16,92.21 1 1
github.com/gmalka/Client/pkg/songsManager/songsManger.go:102.3,102.13 1 1
github.com/gmalka/Client/pkg/songsManager/songsManger.go:92.21,97.4 4 1
github.com/gmalka/Client/pkg/songsManager/songsManger.go:97.9,101.4 3 1
github.com/gmalka/Client/pkg/songsManager/songsManger.go:108.50,109.20 1 1
github.com/gmalka/Client/pkg/songsManager/songsManger.go:112.2,113.19 2 1
github.com/gmalka/Client/pkg/songsManager/songsManger.go:116.2,117.27 2 1
github.com/gmalka/Client/pkg/songsManager/songsManger.go:109.20,111.3 1 1
github.com/gmalka/Client/pkg/songsManager/songsManger.go:113.19,115.3 1 1
github.com/gmalka/Client/pkg/songsManager/songsManger.go:117.27,119.3 1 1
github.com/gmalka/Client/pkg/songsManager/songsManger.go:119.8,121.3 1 1
github.com/gmalka/Client/pkg/songsManager/songsManger.go:124.49,125.20 1 1
github.com/gmalka/Client/pkg/songsManager/songsManger.go:128.2,129.19 2 1
github.com/gmalka/Client/pkg/songsManager/songsManger.go:132.2,133.27 2 1
github.com/gmalka/Client/pkg/songsManager/songsManger.go:125.20,127.3 1 1
github.com/gmalka/Client/pkg/songsManager/songsManger.go:129.19,131.3 1 1
github.com/gmalka/Client/pkg/songsManager/songsManger.go:133.27,135.3 1 0
github.com/gmalka/Client/pkg/songsManager/songsManger.go:135.8,137.3 1 1
github.com/gmalka/Client/pkg/songsManager/songsManger.go:140.50,143.35 3 1
github.com/gmalka/Client/pkg/songsManager/songsManger.go:146.2,146.17 1 1
github.com/gmalka/Client/pkg/songsManager/songsManger.go:149.2,149.10 1 1
github.com/gmalka/Client/pkg/songsManager/songsManger.go:143.35,145.3 1 1
github.com/gmalka/Client/pkg/songsManager/songsManger.go:146.17,148.3 1 1
github.com/gmalka/Client/pkg/songsManager/songsManger.go:152.48,153.20 1 1
github.com/gmalka/Client/pkg/songsManager/songsManger.go:156.2,156.13 1 1
github.com/gmalka/Client/pkg/songsManager/songsManger.go:160.2,161.59 2 1
github.com/gmalka/Client/pkg/songsManager/songsManger.go:163.2,163.16 1 1
github.com/gmalka/Client/pkg/songsManager/songsManger.go:166.2,168.12 2 1
github.com/gmalka/Client/pkg/songsManager/songsManger.go:153.20,155.3 1 1
github.com/gmalka/Client/pkg/songsManager/songsManger.go:156.13,158.3 1 0
github.com/gmalka/Client/pkg/songsManager/songsManger.go:161.60,162.3 0 1
github.com/gmalka/Client/pkg/songsManager/songsManger.go:163.16,165.3 1 0
github.com/gmalka/Client/pkg/songsManager/songsManger.go:171.58,173.16 2 1
github.com/gmalka/Client/pkg/songsManager/songsManger.go:176.2,176.20 1 1
github.com/gmalka/Client/pkg/songsManager/songsManger.go:179.2,180.35 2 1
github.com/gmalka/Client/pkg/songsManager/songsManger.go:185.2,185.12 1 1
github.com/gmalka/Client/pkg/songsManager/songsManger.go:173.16,175.3 1 1
github.com/gmalka/Client/pkg/songsManager/songsManger.go:176.20,178.3 1 0
github.com/gmalka/Client/pkg/songsManager/songsManger.go:180.35,181.44 1 1
github.com/gmalka/Client/pkg/songsManager/songsManger.go:181.44,183.4 1 1
github.com/gmalka/Client/pkg/songsManager/songsManger.go:188.53,189.26 1 1
github.com/gmalka/Client/pkg/songsManager/songsManger.go:197.2,197.20 1 1
github.com/gmalka/Client/pkg/songsManager/songsManger.go:189.26,190.22 1 1
github.com/gmalka/Client/pkg/songsManager/songsManger.go:190.22,192.4 1 1
github.com/gmalka/Client/pkg/songsManager/songsManger.go:192.9,194.4 1 1
github.com/gmalka/Client/pkg/songsManager/songsManger.go:197.20,198.22 1 1
github.com/gmalka/Client/pkg/songsManager/songsManger.go:204.3,206.17 3 1
github.com/gmalka/Client/pkg/songsManager/songsManger.go:198.22,201.4 2 1
github.com/gmalka/Client/pkg/songsManager/songsManger.go:201.9,203.4 1 1
github.com/gmalka/Client/pkg/songsManager/songsManger.go:207.8,208.22 1 1
github.com/gmalka/Client/pkg/songsManager/songsManger.go:214.3,216.16 3 1
github.com/gmalka/Client/pkg/songsManager/songsManger.go:208.22,211.4 2 1
github.com/gmalka/Client/pkg/songsManager/songsManger.go:211.9,213.4 1 0
github.com/gmalka/Client/pkg/songsManager/songsManger.go:220.56,221.16 1 1
github.com/gmalka/Client/pkg/songsManager/songsManger.go:224.2,225.35 2 1
github.com/gmalka/Client/pkg/songsManager/songsManger.go:230.2,231.16 2 1
github.com/gmalka/Client/pkg/songsManager/songsManger.go:235.2,236.12 2 1
github.com/gmalka/Client/pkg/songsManager/songsManger.go:221.16,223.3 1 0
github.com/gmalka/Client/pkg/songsManager/songsManger.go:225.35,226.44 1 1
github.com/gmalka/Client/pkg/songsManager/songsManger.go:226.44,228.4 1 1
github.com/gmalka/Client/pkg/songsManager/songsManger.go:231.16,233.3 1 0
github.com/gmalka/Client/pkg/songsManager/songsManger.go:239.59,241.2 1 1
github.com/gmalka/Client/pkg/songsManager/songsManger.go:243.60,245.16 2 1
github.com/gmalka/Client/pkg/songsManager/songsManger.go:248.2,249.30 2 1
github.com/gmalka/Client/pkg/songsManager/songsManger.go:255.2,256.15 2 1
github.com/gmalka/Client/pkg/songsManager/songsManger.go:245.16,247.3 1 0
github.com/gmalka/Client/pkg/songsManager/songsManger.go:249.30,250.37 1 1
github.com/gmalka/Client/pkg/songsManager/songsManger.go:250.37,253.4 2 1
github.com/gmalka/Client/pkg/songsManager/songsManger.go:259.47,260.20 1 1
github.com/gmalka/Client/pkg/songsManager/songsManger.go:263.2,263.21 1 1
github.com/gmalka/Client/pkg/songsManager/songsManger.go:260.20,262.3 1 1
