mode: set
github.com/gmalka/Client/pkg/fileManager/fileManager.go:28.63,31.16 3 1
github.com/gmalka/Client/pkg/fileManager/fileManager.go:34.2,34.19 1 1
github.com/gmalka/Client/pkg/fileManager/fileManager.go:31.16,33.3 1 0
github.com/gmalka/Client/pkg/fileManager/fileManager.go:37.52,39.16 2 1
github.com/gmalka/Client/pkg/fileManager/fileManager.go:42.2,45.26 4 1
github.com/gmalka/Client/pkg/fileManager/fileManager.go:67.2,68.12 2 1
github.com/gmalka/Client/pkg/fileManager/fileManager.go:39.16,41.3 1 0
github.com/gmalka/Client/pkg/fileManager/fileManager.go:45.26,46.17 1 1
github.com/gmalka/Client/pkg/fileManager/fileManager.go:46.17,48.18 2 1
github.com/gmalka/Client/pkg/fileManager/fileManager.go:51.4,52.18 2 1
github.com/gmalka/Client/pkg/fileManager/fileManager.go:55.4,56.26 2 1
github.com/gmalka/Client/pkg/fileManager/fileManager.go:62.4,62.9 1 1
github.com/gmalka/Client/pkg/fileManager/fileManager.go:48.18,50.5 1 0
github.com/gmalka/Client/pkg/fileManager/fileManager.go:52.18,54.5 1 0
github.com/gmalka/Client/pkg/fileManager/fileManager.go:56.26,57.29 1 1
github.com/gmalka/Client/pkg/fileManager/fileManager.go:57.29,59.11 2 1
github.com/gmalka/Client/pkg/fileManager/fileManager.go:62.9,64.5 1 1
github.com/gmalka/Client/pkg/fileManager/fileManager.go:71.65,72.32 1 1
github.com/gmalka/Client/pkg/fileManager/fileManager.go:75.2,77.16 3 1
github.com/gmalka/Client/pkg/fileManager/fileManager.go:80.2,81.16 2 1
github.com/gmalka/Client/pkg/fileManager/fileManager.go:84.2,85.12 2 1
github.com/gmalka/Client/pkg/fileManager/fileManager.go:72.32,74.3 1 1
github.com/gmalka/Client/pkg/fileManager/fileManager.go:77.16,79.3 1 0
github.com/gmalka/Client/pkg/fileManager/fileManager.go:81.16,83.3 1 0
github.com/gmalka/Client/pkg/fileManager/fileManager.go:88.61,89.33 1 1
github.com/gmalka/Client/pkg/fileManager/fileManager.go:92.2,94.18 3 1
github.com/gmalka/Client/pkg/fileManager/fileManager.go:89.33,91.3 1 1
github.com/gmalka/Client/pkg/fileManager/fileManager.go:97.55,110.25 3 1
github.com/gmalka/Client/pkg/fileManager/fileManager.go:114.2,114.20 1 1
github.com/gmalka/Client/pkg/fileManager/fileManager.go:110.25,113.3 2 1
github.com/gmalka/Client/pkg/fileManager/fileManager.go:117.54,118.31 1 1
github.com/gmalka/Client/pkg/fileManager/fileManager.go:121.2,121.14 1 1
github.com/gmalka/Client/pkg/fileManager/fileManager.go:118.31,120.3 1 1
github.com/gmalka/Client/pkg/fileManager/fileManager.go:124.54,125.33 1 1
github.com/gmalka/Client/pkg/fileManager/fileManager.go:129.2,131.16 3 1
github.com/gmalka/Client/pkg/fileManager/fileManager.go:134.2,136.12 3 1
github.com/gmalka/Client/pkg/fileManager/fileManager.go:125.33,127.3 1 1
github.com/gmalka/Client/pkg/fileManager/fileManager.go:131.16,133.3 1 0
